2024-04-10 14:53:50,909 - INFO - Epochs: 20, Window Size: 4,
 Start Time: 0, Stop Time: 30, Timesteps: 200, Number of Inits: 100,
 Option for ODE Step: True
2024-04-10 14:53:50,909 - INFO - final loss 2.443632395060472e-05
2024-04-10 14:53:50,909 - INFO - --------------------------------------------------------------------------------------------------------------------------------------------------------------------------------------------------------------------------
2024-04-10 14:53:50,909 - INFO - --------------------------------------------------------------------------------------------------------------------------------------------------------------------------------------------------------------------------
2024-04-10 14:53:50,910 - INFO - 

2024-04-10 14:53:50,911 - INFO - 

2024-04-10 14:55:41,370 - INFO - Epochs: 20, Window Size: 4,
 Start Time: 0, Stop Time: 30, Timesteps: 200, Number of Inits: 100,
 Option for ODE Step: True
2024-04-10 14:55:41,370 - INFO - final loss 1.1952491378952053e-05
2024-04-10 14:55:41,370 - INFO - --------------------------------------------------------------------------------------------------------------------------------------------------------------------------------------------------------------------------
2024-04-10 14:55:41,371 - INFO - --------------------------------------------------------------------------------------------------------------------------------------------------------------------------------------------------------------------------
2024-04-10 14:55:41,371 - INFO - 

2024-04-10 14:55:41,371 - INFO - 

2024-04-10 14:56:38,285 - INFO - Epochs: 20, Window Size: 4,
 Start Time: 0, Stop Time: 30, Timesteps: 200, Number of Inits: 100,
 Option for ODE Step: True
2024-04-10 14:56:38,285 - INFO - final loss 7.3161051655452446e-06
2024-04-10 14:56:38,286 - INFO - --------------------------------------------------------------------------------------------------------------------------------------------------------------------------------------------------------------------------
2024-04-10 14:56:38,286 - INFO - --------------------------------------------------------------------------------------------------------------------------------------------------------------------------------------------------------------------------
2024-04-10 14:56:38,286 - INFO - 

2024-04-10 14:56:38,286 - INFO - 

2024-04-10 14:57:34,811 - INFO - Epochs: 20, Window Size: 2,
 Start Time: 0, Stop Time: 30, Timesteps: 200, Number of Inits: 100,
 Option for ODE Step: True
2024-04-10 14:57:34,812 - INFO - final loss 2.070105544868802e-05
2024-04-10 14:57:34,812 - INFO - --------------------------------------------------------------------------------------------------------------------------------------------------------------------------------------------------------------------------
2024-04-10 14:57:34,813 - INFO - --------------------------------------------------------------------------------------------------------------------------------------------------------------------------------------------------------------------------
2024-04-10 14:57:34,813 - INFO - 

2024-04-10 14:57:34,813 - INFO - 

2024-04-10 14:58:27,525 - INFO - Epochs: 20, Window Size: 3,
 Start Time: 0, Stop Time: 30, Timesteps: 200, Number of Inits: 100,
 Option for ODE Step: True
2024-04-10 14:58:27,526 - INFO - final loss 2.4497138086845065e-05
2024-04-10 14:58:27,526 - INFO - --------------------------------------------------------------------------------------------------------------------------------------------------------------------------------------------------------------------------
2024-04-10 14:58:27,526 - INFO - --------------------------------------------------------------------------------------------------------------------------------------------------------------------------------------------------------------------------
2024-04-10 14:58:27,526 - INFO - 

2024-04-10 14:58:27,526 - INFO - 

2024-04-10 14:59:38,160 - INFO - Epochs: 40, Window Size: 4,
 Start Time: 0, Stop Time: 30, Timesteps: 200, Number of Inits: 50,
 Option for ODE Step: True
2024-04-10 14:59:38,161 - INFO - final loss 1.7476675792449676e-05
2024-04-10 14:59:38,161 - INFO - --------------------------------------------------------------------------------------------------------------------------------------------------------------------------------------------------------------------------
2024-04-10 14:59:38,161 - INFO - --------------------------------------------------------------------------------------------------------------------------------------------------------------------------------------------------------------------------
2024-04-10 14:59:38,162 - INFO - 

2024-04-10 14:59:38,162 - INFO - 

2024-04-10 15:00:36,717 - INFO - Epochs: 40, Window Size: 4,
 Start Time: 0, Stop Time: 30, Timesteps: 200, Number of Inits: 50,
 Option for ODE Step: True
2024-04-10 15:00:36,717 - INFO - final loss 1.2128510331929422e-05
2024-04-10 15:00:36,717 - INFO - --------------------------------------------------------------------------------------------------------------------------------------------------------------------------------------------------------------------------
2024-04-10 15:00:36,719 - INFO - --------------------------------------------------------------------------------------------------------------------------------------------------------------------------------------------------------------------------
2024-04-10 15:00:36,720 - INFO - 

2024-04-10 15:00:36,721 - INFO - 

2024-04-10 15:01:37,719 - INFO - Epochs: 40, Window Size: 4,
 Start Time: 0, Stop Time: 30, Timesteps: 200, Number of Inits: 50,
 Option for ODE Step: True
2024-04-10 15:01:37,721 - INFO - final loss 1.426042461199881e-05
2024-04-10 15:01:37,721 - INFO - --------------------------------------------------------------------------------------------------------------------------------------------------------------------------------------------------------------------------
2024-04-10 15:01:37,721 - INFO - --------------------------------------------------------------------------------------------------------------------------------------------------------------------------------------------------------------------------
2024-04-10 15:01:37,721 - INFO - 

2024-04-10 15:01:37,721 - INFO - 

2024-04-10 15:02:52,858 - INFO - Epochs: 100, Window Size: 4,
 Start Time: 0, Stop Time: 30, Timesteps: 200, Number of Inits: 20,
 Option for ODE Step: True
2024-04-10 15:02:52,858 - INFO - final loss 8.956120463469014e-06
2024-04-10 15:02:52,858 - INFO - --------------------------------------------------------------------------------------------------------------------------------------------------------------------------------------------------------------------------
2024-04-10 15:02:52,858 - INFO - --------------------------------------------------------------------------------------------------------------------------------------------------------------------------------------------------------------------------
2024-04-10 15:02:52,858 - INFO - 

2024-04-10 15:02:52,858 - INFO - 

2024-04-10 15:04:18,133 - INFO - Epochs: 200, Window Size: 4,
 Start Time: 0, Stop Time: 30, Timesteps: 200, Number of Inits: 10,
 Option for ODE Step: True
2024-04-10 15:04:18,134 - INFO - final loss 1.7682306394699737e-05
2024-04-10 15:04:18,134 - INFO - --------------------------------------------------------------------------------------------------------------------------------------------------------------------------------------------------------------------------
2024-04-10 15:04:18,134 - INFO - --------------------------------------------------------------------------------------------------------------------------------------------------------------------------------------------------------------------------
2024-04-10 15:04:18,134 - INFO - 

2024-04-10 15:04:18,134 - INFO - 

2024-04-10 15:05:50,375 - INFO - Epochs: 100, Window Size: 4,
 Start Time: 0, Stop Time: 30, Timesteps: 200, Number of Inits: 50,
 Option for ODE Step: True
2024-04-10 15:05:50,375 - INFO - final loss 1.0551623534058228e-05
2024-04-10 15:05:50,376 - INFO - --------------------------------------------------------------------------------------------------------------------------------------------------------------------------------------------------------------------------
2024-04-10 15:05:50,376 - INFO - --------------------------------------------------------------------------------------------------------------------------------------------------------------------------------------------------------------------------
2024-04-10 15:05:50,377 - INFO - 

2024-04-10 15:05:50,377 - INFO - 

2024-04-10 15:08:35,119 - INFO - Epochs: 100, Window Size: 4,
 Start Time: 0, Stop Time: 30, Timesteps: 200, Number of Inits: 50,
 Option for ODE Step: True
2024-04-10 15:08:35,119 - INFO - final loss 0.0003882129151696057
2024-04-10 15:08:35,119 - INFO - --------------------------------------------------------------------------------------------------------------------------------------------------------------------------------------------------------------------------
2024-04-10 15:08:35,119 - INFO - --------------------------------------------------------------------------------------------------------------------------------------------------------------------------------------------------------------------------
2024-04-10 15:08:35,119 - INFO - 

2024-04-10 15:08:35,119 - INFO - 

2024-04-10 15:09:35,871 - INFO - Epochs: 200, Window Size: 4,
 Start Time: 0, Stop Time: 30, Timesteps: 200, Number of Inits: 20,
 Option for ODE Step: True
2024-04-10 15:09:35,871 - INFO - final loss 0.00016466727277411142
2024-04-10 15:09:35,871 - INFO - --------------------------------------------------------------------------------------------------------------------------------------------------------------------------------------------------------------------------
2024-04-10 15:09:35,871 - INFO - --------------------------------------------------------------------------------------------------------------------------------------------------------------------------------------------------------------------------
2024-04-10 15:09:35,872 - INFO - 

2024-04-10 15:09:35,872 - INFO - 

2024-04-10 15:12:23,258 - INFO - Epochs: 200, Window Size: 2,
 Start Time: 0, Stop Time: 30, Timesteps: 200, Number of Inits: 50,
 Option for ODE Step: True
2024-04-10 15:12:23,258 - INFO - final loss 0.00032815123748714523
2024-04-10 15:12:23,258 - INFO - --------------------------------------------------------------------------------------------------------------------------------------------------------------------------------------------------------------------------
2024-04-10 15:12:23,258 - INFO - --------------------------------------------------------------------------------------------------------------------------------------------------------------------------------------------------------------------------
2024-04-10 15:12:23,258 - INFO - 

2024-04-10 15:12:23,259 - INFO - 

2024-04-10 15:13:27,854 - INFO - Epochs: 200, Window Size: 2,
 Start Time: 0, Stop Time: 30, Timesteps: 200, Number of Inits: 50,
 Option for ODE Step: True
2024-04-10 15:13:27,855 - INFO - final loss 9.804789440455066e-05
2024-04-10 15:13:27,856 - INFO - --------------------------------------------------------------------------------------------------------------------------------------------------------------------------------------------------------------------------
2024-04-10 15:13:27,856 - INFO - --------------------------------------------------------------------------------------------------------------------------------------------------------------------------------------------------------------------------
2024-04-10 15:13:27,856 - INFO - 

2024-04-10 15:13:27,856 - INFO - 

2024-04-10 15:17:53,961 - INFO - Epochs: 200, Window Size: 2,
 Start Time: 0, Stop Time: 30, Timesteps: 200, Number of Inits: 20,
 Option for ODE Step: True
2024-04-10 15:17:53,962 - INFO - final loss 3.6288366304775536e-05
2024-04-10 15:17:53,962 - INFO - --------------------------------------------------------------------------------------------------------------------------------------------------------------------------------------------------------------------------
2024-04-10 15:17:53,963 - INFO - --------------------------------------------------------------------------------------------------------------------------------------------------------------------------------------------------------------------------
2024-04-10 15:17:53,963 - INFO - 

2024-04-10 15:17:53,963 - INFO - 

2024-04-10 15:20:45,407 - INFO - Epochs: 400, Window Size: 2,
 Start Time: 0, Stop Time: 30, Timesteps: 200, Number of Inits: 20,
 Option for ODE Step: True
2024-04-10 15:20:45,408 - INFO - final loss 1.4364048499350122e-05
2024-04-10 15:20:45,409 - INFO - --------------------------------------------------------------------------------------------------------------------------------------------------------------------------------------------------------------------------
2024-04-10 15:20:45,409 - INFO - --------------------------------------------------------------------------------------------------------------------------------------------------------------------------------------------------------------------------
2024-04-10 15:20:45,409 - INFO - 

2024-04-10 15:20:45,409 - INFO - 

2024-04-10 15:30:57,371 - INFO - Epochs: 100, Window Size: 4,
 Start Time: 0, Stop Time: 30, Timesteps: 200, Number of Inits: 50,
 Option for ODE Step: True
2024-04-10 15:30:57,375 - INFO - final loss 2.0152982607904226e-05
2024-04-10 15:30:57,376 - INFO - --------------------------------------------------------------------------------------------------------------------------------------------------------------------------------------------------------------------------
2024-04-10 15:30:57,376 - INFO - --------------------------------------------------------------------------------------------------------------------------------------------------------------------------------------------------------------------------
2024-04-10 15:30:57,376 - INFO - 

2024-04-10 15:30:57,376 - INFO - 

2024-04-10 15:33:06,037 - INFO - Epochs: 50, Window Size: 4,
 Start Time: 0, Stop Time: 30, Timesteps: 200, Number of Inits: 20,
 Option for ODE Step: True
2024-04-10 15:33:06,037 - INFO - final loss 2.0736203075038105e-05
2024-04-10 15:33:06,038 - INFO - --------------------------------------------------------------------------------------------------------------------------------------------------------------------------------------------------------------------------
2024-04-10 15:33:06,038 - INFO - --------------------------------------------------------------------------------------------------------------------------------------------------------------------------------------------------------------------------
2024-04-10 15:33:06,038 - INFO - 

2024-04-10 15:33:06,038 - INFO - 

2024-04-10 15:33:52,097 - INFO - Epochs: 20, Window Size: 4,
 Start Time: 0, Stop Time: 30, Timesteps: 200, Number of Inits: 20,
 Option for ODE Step: True
2024-04-10 15:33:52,098 - INFO - final loss 4.939904439498991e-05
2024-04-10 15:33:52,098 - INFO - --------------------------------------------------------------------------------------------------------------------------------------------------------------------------------------------------------------------------
2024-04-10 15:33:52,098 - INFO - --------------------------------------------------------------------------------------------------------------------------------------------------------------------------------------------------------------------------
2024-04-10 15:33:52,098 - INFO - 

2024-04-10 15:33:52,098 - INFO - 

2024-04-10 15:34:35,877 - INFO - Epochs: 100, Window Size: 4,
 Start Time: 0, Stop Time: 30, Timesteps: 200, Number of Inits: 20,
 Option for ODE Step: True
2024-04-10 15:34:35,878 - INFO - final loss 7.618404814211005e-06
2024-04-10 15:34:35,878 - INFO - --------------------------------------------------------------------------------------------------------------------------------------------------------------------------------------------------------------------------
2024-04-10 15:34:35,878 - INFO - --------------------------------------------------------------------------------------------------------------------------------------------------------------------------------------------------------------------------
2024-04-10 15:34:35,879 - INFO - 

2024-04-10 15:34:35,879 - INFO - 

2024-04-10 15:35:00,485 - INFO - Epochs: 100, Window Size: 4,
 Start Time: 0, Stop Time: 30, Timesteps: 200, Number of Inits: 20,
 Option for ODE Step: True
2024-04-10 15:35:00,486 - INFO - final loss 8.76648607760883e-06
2024-04-10 15:35:00,486 - INFO - --------------------------------------------------------------------------------------------------------------------------------------------------------------------------------------------------------------------------
2024-04-10 15:35:00,486 - INFO - --------------------------------------------------------------------------------------------------------------------------------------------------------------------------------------------------------------------------
2024-04-10 15:35:00,486 - INFO - 

2024-04-10 15:35:00,486 - INFO - 

2024-04-10 15:35:57,286 - INFO - Epochs: 100, Window Size: 4,
 Start Time: 0, Stop Time: 30, Timesteps: 200, Number of Inits: 20,
 Option for ODE Step: True
2024-04-10 15:35:57,287 - INFO - final loss 3.322692205532638e-05
2024-04-10 15:35:57,287 - INFO - --------------------------------------------------------------------------------------------------------------------------------------------------------------------------------------------------------------------------
2024-04-10 15:35:57,287 - INFO - --------------------------------------------------------------------------------------------------------------------------------------------------------------------------------------------------------------------------
2024-04-10 15:35:57,287 - INFO - 

2024-04-10 15:35:57,287 - INFO - 

2024-04-10 15:37:39,811 - INFO - Epochs: 10, Window Size: 4,
 Start Time: 0, Stop Time: 30, Timesteps: 200, Number of Inits: 400,
 Option for ODE Step: True
2024-04-10 15:37:39,813 - INFO - final loss 2.711856555676288e-05
2024-04-10 15:37:39,813 - INFO - --------------------------------------------------------------------------------------------------------------------------------------------------------------------------------------------------------------------------
2024-04-10 15:37:39,813 - INFO - --------------------------------------------------------------------------------------------------------------------------------------------------------------------------------------------------------------------------
2024-04-10 15:37:39,814 - INFO - 

2024-04-10 15:37:39,814 - INFO - 

2024-04-10 15:39:31,282 - INFO - Epochs: 10, Window Size: 4,
 Start Time: 0, Stop Time: 30, Timesteps: 200, Number of Inits: 400,
 Option for ODE Step: True
2024-04-10 15:39:31,282 - INFO - final loss 9.806450546927424e-06
2024-04-10 15:39:31,282 - INFO - --------------------------------------------------------------------------------------------------------------------------------------------------------------------------------------------------------------------------
2024-04-10 15:39:31,282 - INFO - --------------------------------------------------------------------------------------------------------------------------------------------------------------------------------------------------------------------------
2024-04-10 15:39:31,282 - INFO - 

2024-04-10 15:39:31,282 - INFO - 

2024-04-10 15:51:05,294 - INFO - Epochs: 20, Window Size: 4,
 Start Time: 0, Stop Time: 30, Timesteps: 200, Number of Inits: 200,
 Option for ODE Step: True
2024-04-10 15:51:05,294 - INFO - final loss 1.8480681855513782e-05
2024-04-10 15:51:05,295 - INFO - --------------------------------------------------------------------------------------------------------------------------------------------------------------------------------------------------------------------------
2024-04-10 15:51:05,295 - INFO - --------------------------------------------------------------------------------------------------------------------------------------------------------------------------------------------------------------------------
2024-04-10 15:51:05,295 - INFO - 

2024-04-10 15:51:05,296 - INFO - 

2024-04-11 16:45:08,239 - INFO - Epochs: 50, Window Size: 4,
 Start Time: 0, Stop Time: 30, Timesteps: 200, Number of Inits: 200,
 Option for ODE Step: True
2024-04-11 16:45:08,240 - INFO - 
 mixed_input_experiment/Trained_lstms_exp/lstm_noisefactor.pth
2024-04-11 16:45:08,240 - INFO - final loss 0.0008311660293656255
2024-04-11 16:45:08,241 - INFO - --------------------------------------------------------------------------------------------------------------------------------------------------------------------------------------------------------------------------
2024-04-11 16:45:08,241 - INFO - --------------------------------------------------------------------------------------------------------------------------------------------------------------------------------------------------------------------------
2024-04-11 16:45:08,241 - INFO - 

2024-04-11 16:48:13,658 - INFO - Epochs: 20, Window Size: 4,
 Start Time: 0, Stop Time: 30, Timesteps: 200, Number of Inits: 200,
 Option for ODE Step: True
2024-04-11 16:48:13,658 - INFO - 
 mixed_input_experiment/Trained_lstms_exp/lstm_noisefactor.pth
2024-04-11 16:48:13,658 - INFO - final loss 0.022180347975555095
2024-04-11 16:48:13,658 - INFO - --------------------------------------------------------------------------------------------------------------------------------------------------------------------------------------------------------------------------
2024-04-11 16:48:13,658 - INFO - --------------------------------------------------------------------------------------------------------------------------------------------------------------------------------------------------------------------------
2024-04-11 16:48:13,658 - INFO - 

